#
# There is insufficient memory for the Java Runtime Environment to continue.
# Native memory allocation (malloc) failed to allocate 32744 bytes for ChunkPool::allocate
# Possible reasons:
#   The system is out of physical RAM or swap space
#   The process is running with CompressedOops enabled, and the Java Heap may be blocking the growth of the native heap
# Possible solutions:
#   Reduce memory load on the system
#   Increase physical memory or swap space
#   Check if swap backing store is full
#   Decrease Java heap size (-Xmx/-Xms)
#   Decrease number of Java threads
#   Decrease Java thread stack sizes (-Xss)
#   Set larger code cache with -XX:ReservedCodeCacheSize=
#   JVM is running with Unscaled Compressed Oops mode in which the Java heap is
#     placed in the first 4GB address space. The Java Heap base address is the
#     maximum limit for the native heap growth. Please use -XX:HeapBaseMinAddress
#     to set the Java Heap base and to place the Java Heap above 4GB virtual address.
# This output file may be truncated or incomplete.
#
#  Out of Memory Error (allocation.cpp:272), pid=9956, tid=0x0000000000003190
#
# JRE version: Java(TM) SE Runtime Environment (8.0_261-b12) (build 1.8.0_261-b12)
# Java VM: Java HotSpot(TM) 64-Bit Server VM (25.261-b12 mixed mode windows-amd64 compressed oops)
# Failed to write core dump. Minidumps are not enabled by default on client versions of Windows
#

---------------  T H R E A D  ---------------

Current thread (0x0000011f6f346000):  JavaThread "C2 CompilerThread2" daemon [_thread_in_native, id=12688, stack(0x00000008f1800000,0x00000008f1900000)]

Stack: [0x00000008f1800000,0x00000008f1900000]
Native frames: (J=compiled Java code, j=interpreted, Vv=VM code, C=native code)
V  [jvm.dll+0x33e5f9]


Current CompileTask:
C2:    327  222       4       java.lang.String::indexOf (166 bytes)


---------------  P R O C E S S  ---------------

Java Threads: ( => current thread )
  0x0000011f70778800 JavaThread "Service Thread" daemon [_thread_blocked, id=4948, stack(0x00000008f1a00000,0x00000008f1b00000)]
  0x0000011f6f34b800 JavaThread "C1 CompilerThread3" daemon [_thread_in_native, id=7756, stack(0x00000008f1900000,0x00000008f1a00000)]
=>0x0000011f6f346000 JavaThread "C2 CompilerThread2" daemon [_thread_in_native, id=12688, stack(0x00000008f1800000,0x00000008f1900000)]
  0x0000011f6f344800 JavaThread "C2 CompilerThread1" daemon [_thread_blocked, id=348, stack(0x00000008f1700000,0x00000008f1800000)]
  0x0000011f6f342800 JavaThread "C2 CompilerThread0" daemon [_thread_blocked, id=10764, stack(0x00000008f1600000,0x00000008f1700000)]
  0x0000011f6f33f800 JavaThread "Attach Listener" daemon [_thread_blocked, id=13308, stack(0x00000008f1500000,0x00000008f1600000)]
  0x0000011f6f33f000 JavaThread "Signal Dispatcher" daemon [_thread_blocked, id=4300, stack(0x00000008f1400000,0x00000008f1500000)]
  0x0000011f6e72c000 JavaThread "Finalizer" daemon [_thread_blocked, id=7732, stack(0x00000008f1300000,0x00000008f1400000)]
  0x0000011f6f31a000 JavaThread "Reference Handler" daemon [_thread_blocked, id=12808, stack(0x00000008f1200000,0x00000008f1300000)]
  0x0000011f5cee1800 JavaThread "main" [_thread_in_vm, id=4688, stack(0x00000008f0800000,0x00000008f0900000)]

Other Threads:
  0x0000011f6e723800 VMThread [stack: 0x00000008f1100000,0x00000008f1200000] [id=2308]
  0x0000011f6f3cd800 WatcherThread [stack: 0x00000008f1b00000,0x00000008f1c00000] [id=9724]

VM state:not at safepoint (normal execution)

VM Mutex/Monitor currently owned by a thread: None

OutOfMemory and StackOverflow Exception counts:
OutOfMemoryError java_heap_errors=3

heap address: 0x00000000fc000000, size: 64 MB, Compressed Oops mode: 32-bit
Narrow klass base: 0x0000000000000000, Narrow klass shift: 3
Compressed class space size: 1073741824 Address: 0x0000000100000000

Heap:
 PSYoungGen      total 18944K, used 4811K [0x00000000feb00000, 0x0000000100000000, 0x0000000100000000)
  eden space 16384K, 29% used [0x00000000feb00000,0x00000000fefb2c98,0x00000000ffb00000)
  from space 2560K, 0% used [0x00000000ffd80000,0x00000000ffd80000,0x0000000100000000)
  to   space 2560K, 0% used [0x00000000ffb00000,0x00000000ffb00000,0x00000000ffd80000)
 ParOldGen       total 44032K, used 0K [0x00000000fc000000, 0x00000000feb00000, 0x00000000feb00000)
  object space 44032K, 0% used [0x00000000fc000000,0x00000000fc000000,0x00000000feb00000)
 Metaspace       used 3714K, capacity 4604K, committed 4864K, reserved 1056768K
  class space    used 401K, capacity 428K, committed 512K, reserved 1048576K

Card table byte_map: [0x0000011f5d040000,0x0000011f5d070000] byte_map_base: 0x0000011f5c860000

Marking Bits: (ParMarkBitMap*) 0x0000000063524fb0
 Begin Bits: [0x0000011f6dc10000, 0x0000011f6dd10000)
 End Bits:   [0x0000011f6dd10000, 0x0000011f6de10000)

Polling page: 0x0000011f5d010000

CodeCache: size=245760Kb used=1588Kb max_used=1600Kb free=244171Kb
 bounds [0x0000011f5e830000, 0x0000011f5eaa0000, 0x0000011f6d830000]
 total_blobs=488 nmethods=218 adapters=183
 compilation: enabled

Compilation events (10 events):
Event: 0.289 Thread 0x0000011f6f346000  218       4       java.lang.String::getChars (62 bytes)
Event: 0.289 Thread 0x0000011f6f34b800 nmethod 212 0x0000011f5e9bb650 code [0x0000011f5e9bb820, 0x0000011f5e9bc390]
Event: 0.289 Thread 0x0000011f6f34b800  216       3       sun.net.www.protocol.file.Handler::parseURL (18 bytes)
Event: 0.289 Thread 0x0000011f6f344800  221       4       java.lang.AbstractStringBuilder::append (50 bytes)
Event: 0.289 Thread 0x0000011f6f34b800 nmethod 216 0x0000011f5e9bc750 code [0x0000011f5e9bc8c0, 0x0000011f5e9bcb40]
Event: 0.289 Thread 0x0000011f6f34b800  217       3       java.net.URLStreamHandler::parseURL (1193 bytes)
Event: 0.289 Thread 0x0000011f6f346000 nmethod 218 0x0000011f5e9b64d0 code [0x0000011f5e9b6620, 0x0000011f5e9b6798]
Event: 0.290 Thread 0x0000011f6f342800 nmethod 213 0x0000011f5e9be010 code [0x0000011f5e9be160, 0x0000011f5e9be378]
Event: 0.291 Thread 0x0000011f6f346000  222       4       java.lang.String::indexOf (166 bytes)
Event: 0.292 Thread 0x0000011f6f344800 nmethod 221 0x0000011f5e9bd310 code [0x0000011f5e9bd460, 0x0000011f5e9bd898]

GC Heap History (0 events):
No events

Deoptimization events (0 events):
No events

Classes redefined (0 events):
No events

Internal exceptions (10 events):
Event: 0.277 Thread 0x0000011f5cee1800 Exception <a 'java/security/PrivilegedActionException'> (0x00000000feeafd28) thrown at [C:\jenkins\workspace\8-2-build-windows-amd64-cygwin\jdk8u261\295\hotspot\src\share\vm\prims\jvm.cpp, line 1512]
Event: 0.277 Thread 0x0000011f5cee1800 Exception <a 'java/security/PrivilegedActionException'> (0x00000000feeb0d68) thrown at [C:\jenkins\workspace\8-2-build-windows-amd64-cygwin\jdk8u261\295\hotspot\src\share\vm\prims\jvm.cpp, line 1512]
Event: 0.277 Thread 0x0000011f5cee1800 Exception <a 'java/security/PrivilegedActionException'> (0x00000000feeb0f78) thrown at [C:\jenkins\workspace\8-2-build-windows-amd64-cygwin\jdk8u261\295\hotspot\src\share\vm\prims\jvm.cpp, line 1512]
Event: 0.278 Thread 0x0000011f5cee1800 Exception <a 'java/security/PrivilegedActionException'> (0x00000000feebe298) thrown at [C:\jenkins\workspace\8-2-build-windows-amd64-cygwin\jdk8u261\295\hotspot\src\share\vm\prims\jvm.cpp, line 1512]
Event: 0.278 Thread 0x0000011f5cee1800 Exception <a 'java/security/PrivilegedActionException'> (0x00000000feebe4a8) thrown at [C:\jenkins\workspace\8-2-build-windows-amd64-cygwin\jdk8u261\295\hotspot\src\share\vm\prims\jvm.cpp, line 1512]
Event: 0.283 Thread 0x0000011f5cee1800 Exception <a 'java/security/PrivilegedActionException'> (0x00000000fef2efb8) thrown at [C:\jenkins\workspace\8-2-build-windows-amd64-cygwin\jdk8u261\295\hotspot\src\share\vm\prims\jvm.cpp, line 1512]
Event: 0.283 Thread 0x0000011f5cee1800 Exception <a 'java/security/PrivilegedActionException'> (0x00000000fef2f1c8) thrown at [C:\jenkins\workspace\8-2-build-windows-amd64-cygwin\jdk8u261\295\hotspot\src\share\vm\prims\jvm.cpp, line 1512]
Event: 0.295 Thread 0x0000011f5cee1800 Exception <a 'java/lang/OutOfMemoryError'> (0x00000000fefa0c38) thrown at [C:\jenkins\workspace\8-2-build-windows-amd64-cygwin\jdk8u261\295\hotspot\src\share\vm\prims\jni.cpp, line 737]
Event: 0.295 Thread 0x0000011f5cee1800 Exception <a 'java/lang/OutOfMemoryError'> (0x00000000fefa0c38) thrown at [C:\jenkins\workspace\8-2-build-windows-amd64-cygwin\jdk8u261\295\hotspot\src\share\vm\prims\jvm.cpp, line 1516]
Event: 0.295 Thread 0x0000011f5cee1800 Exception <a 'java/lang/OutOfMemoryError'> (0x00000000fefa0c38) thrown at [C:\jenkins\workspace\8-2-build-windows-amd64-cygwin\jdk8u261\295\hotspot\src\share\vm\prims\jvm.cpp, line 1516]

Events (10 events):
Event: 0.233 loading class sun/net/www/protocol/jar/JarFileFactory done
Event: 0.233 loading class sun/net/www/protocol/jar/URLJarFile
Event: 0.233 loading class sun/net/www/protocol/jar/URLJarFile done
Event: 0.233 loading class sun/net/www/protocol/jar/URLJarFile$URLJarFileEntry
Event: 0.234 loading class sun/net/www/protocol/jar/URLJarFile$URLJarFileEntry done
Event: 0.234 loading class sun/net/www/protocol/jar/JarURLConnection$JarURLInputStream
Event: 0.234 loading class sun/net/www/protocol/jar/JarURLConnection$JarURLInputStream done
Event: 0.246 loading class com/android/sdkmanager/Main
Event: 0.246 loading class com/android/sdkmanager/Main done
Event: 0.295 loading class java/lang/SecurityException


Dynamic libraries:
0x00007ff799990000 - 0x00007ff7999d7000 	D:\Programs\jdk8\bin\java.exe
0x00007ffc7c630000 - 0x00007ffc7c824000 	C:\Windows\SYSTEM32\ntdll.dll
0x00007ffc7a6a0000 - 0x00007ffc7a75d000 	C:\Windows\System32\KERNEL32.DLL
0x00007ffc79f10000 - 0x00007ffc7a1d7000 	C:\Windows\System32\KERNELBASE.dll
0x00007ffc7c540000 - 0x00007ffc7c5ea000 	C:\Windows\System32\ADVAPI32.dll
0x00007ffc7c4a0000 - 0x00007ffc7c53e000 	C:\Windows\System32\msvcrt.dll
0x00007ffc7bfe0000 - 0x00007ffc7c07b000 	C:\Windows\System32\sechost.dll
0x00007ffc7c2c0000 - 0x00007ffc7c3e3000 	C:\Windows\System32\RPCRT4.dll
0x00007ffc7ab80000 - 0x00007ffc7ad20000 	C:\Windows\System32\USER32.dll
0x00007ffc7a1e0000 - 0x00007ffc7a202000 	C:\Windows\System32\win32u.dll
0x00007ffc7a7f0000 - 0x00007ffc7a81a000 	C:\Windows\System32\GDI32.dll
0x00007ffc7a420000 - 0x00007ffc7a52a000 	C:\Windows\System32\gdi32full.dll
0x00007ffc7a530000 - 0x00007ffc7a5cd000 	C:\Windows\System32\msvcp_win.dll
0x00007ffc7a320000 - 0x00007ffc7a420000 	C:\Windows\System32\ucrtbase.dll
0x00007ffc62d60000 - 0x00007ffc62ffa000 	C:\Windows\WinSxS\amd64_microsoft.windows.common-controls_6595b64144ccf1df_6.0.19041.1_none_b555e41d4684ddec\COMCTL32.dll
0x00007ffc7c110000 - 0x00007ffc7c140000 	C:\Windows\System32\IMM32.DLL
0x00007ffc5ae00000 - 0x00007ffc5ae15000 	D:\Programs\jdk8\jre\bin\vcruntime140.dll
0x00007ffc45e40000 - 0x00007ffc45edb000 	D:\Programs\jdk8\jre\bin\msvcp140.dll
0x0000000062d30000 - 0x000000006359c000 	D:\Programs\jdk8\jre\bin\server\jvm.dll
0x00007ffc7ad30000 - 0x00007ffc7ad38000 	C:\Windows\System32\PSAPI.DLL
0x00007ffc73810000 - 0x00007ffc73819000 	C:\Windows\SYSTEM32\WSOCK32.dll
0x00007ffc741c0000 - 0x00007ffc741ca000 	C:\Windows\SYSTEM32\VERSION.dll
0x00007ffc7b2a0000 - 0x00007ffc7b30b000 	C:\Windows\System32\WS2_32.dll
0x00007ffc6ab50000 - 0x00007ffc6ab77000 	C:\Windows\SYSTEM32\WINMM.dll
0x00007ffc786e0000 - 0x00007ffc786f3000 	C:\Windows\SYSTEM32\kernel.appcore.dll
0x00007ffc766f0000 - 0x00007ffc76700000 	D:\Programs\jdk8\jre\bin\verify.dll
0x00007ffc54f10000 - 0x00007ffc54f3b000 	D:\Programs\jdk8\jre\bin\java.dll
0x00007ffc5a810000 - 0x00007ffc5a828000 	D:\Programs\jdk8\jre\bin\zip.dll
0x00007ffc7b600000 - 0x00007ffc7bd34000 	C:\Windows\System32\SHELL32.dll
0x00007ffc77e10000 - 0x00007ffc7859e000 	C:\Windows\SYSTEM32\windows.storage.dll
0x00007ffc7a820000 - 0x00007ffc7ab73000 	C:\Windows\System32\combase.dll
0x00007ffc79720000 - 0x00007ffc7974b000 	C:\Windows\SYSTEM32\Wldp.dll
0x00007ffc7c3f0000 - 0x00007ffc7c49e000 	C:\Windows\System32\SHCORE.dll
0x00007ffc7be70000 - 0x00007ffc7bec5000 	C:\Windows\System32\shlwapi.dll
0x00007ffc79cc0000 - 0x00007ffc79cdf000 	C:\Windows\SYSTEM32\profapi.dll
0x00007ffc79680000 - 0x00007ffc79698000 	C:\Windows\SYSTEM32\CRYPTSP.dll
0x00007ffc78e40000 - 0x00007ffc78e74000 	C:\Windows\system32\rsaenh.dll
0x00007ffc79d80000 - 0x00007ffc79da7000 	C:\Windows\System32\bcrypt.dll
0x00007ffc79c80000 - 0x00007ffc79cae000 	C:\Windows\SYSTEM32\USERENV.dll
0x00007ffc7a620000 - 0x00007ffc7a69f000 	C:\Windows\System32\bcryptprimitives.dll
0x00007ffc79c30000 - 0x00007ffc79c3c000 	C:\Windows\SYSTEM32\CRYPTBASE.dll
0x00007ffc59230000 - 0x00007ffc5924c000 	D:\Programs\jdk8\jre\bin\net.dll
0x00007ffc794b0000 - 0x00007ffc7951a000 	C:\Windows\system32\mswsock.dll
0x00007ffc791a0000 - 0x00007ffc791db000 	C:\Windows\SYSTEM32\IPHLPAPI.DLL
0x00007ffc7ad20000 - 0x00007ffc7ad29000 	C:\Windows\System32\NSI.dll
0x00007ffc72f90000 - 0x00007ffc72fa7000 	C:\Windows\SYSTEM32\dhcpcsvc6.DLL
0x00007ffc72f70000 - 0x00007ffc72f8d000 	C:\Windows\SYSTEM32\dhcpcsvc.DLL
0x00007ffc791e0000 - 0x00007ffc792aa000 	C:\Windows\SYSTEM32\DNSAPI.dll
0x00007ffc58020000 - 0x00007ffc58033000 	D:\Programs\jdk8\jre\bin\nio.dll

VM Arguments:
jvm_args: -Xmx64M -Dcom.android.sdkmanager.toolsdir=D:\Programs\AndroidSDK\tools -Dfile.encoding=UTF8 
java_command: D:\Programs\Unity\Editor\Data\PlaybackEngines\AndroidPlayer/Tools\sdktools.jar -
java_class_path (initial): D:\Programs\Unity\Editor\Data\PlaybackEngines\AndroidPlayer/Tools\sdktools.jar
Launcher Type: SUN_STANDARD

Environment Variables:
JAVA_HOME=D:\Programs\jdk8\bin
PATH=C:\Program Files (x86)\Common Files\Oracle\Java\javapath;C:\Windows\system32;C:\Windows;C:\Windows\System32\Wbem;C:\Windows\System32\WindowsPowerShell\v1.0\;C:\Windows\System32\OpenSSH\;C:\Program Files (x86)\GtkSharp\2.12\bin;C:\Program Files\NVIDIA Corporation\NVIDIA NvDLISR;C:\Program Files (x86)\NVIDIA Corporation\PhysX\Common;D:\Programs\AndroidSDK;D:\Programs\jdk8\bin;D:\Programs\AndroidSDK\tools;D:\Programs\AndroidSDK\platform-tools;D:\STUDY\Git\cmd;C:\Users\Maks Zaiets\AppData\Local\Microsoft\WindowsApps;D:\Programs\PyCharm\PyCharm 2020.2\bin;;D:\Programs\Rider\JetBrains Rider 2020.2.1\bin;;C:\Users\Maks Zaiets\AppData\Local\GitHubDesktop\bin;D:\Programs\Visual Studio Code\Microsoft VS Code\bin
USERNAME=Maks Zaiets
OS=Windows_NT
PROCESSOR_IDENTIFIER=Intel64 Family 6 Model 142 Stepping 10, GenuineIntel



---------------  S Y S T E M  ---------------

OS: Windows 10.0 , 64 bit Build 19041 (10.0.19041.292)

CPU:total 8 (initial active 8) (4 cores per cpu, 2 threads per core) family 6 model 142 stepping 10, cmov, cx8, fxsr, mmx, sse, sse2, sse3, ssse3, sse4.1, sse4.2, popcnt, avx, avx2, aes, clmul, erms, 3dnowpref, lzcnt, ht, tsc, tscinvbit, bmi1, bmi2, adx

Memory: 4k page, physical 8295652k(486848k free), swap 10392804k(5128k free)

vm_info: Java HotSpot(TM) 64-Bit Server VM (25.261-b12) for windows-amd64 JRE (1.8.0_261-b12), built on Jun 18 2020 06:56:32 by "" with unknown MS VC++:1916

time: Mon Sep 21 18:00:06 2020
timezone: Финляндия (лето)
elapsed time: 0 seconds (0d 0h 0m 0s)

